2021-10-14 12:38:21,863 INFO o.s.b.StartupInfoLogger [main] Starting ChatBot using Java 1.8.0_73 on LTI-TRAINING-03 with PID 16720 (D:\Developer\ChatBot\target\classes started by Haroon Rasheed in D:\Developer\ChatBot)
2021-10-14 12:38:21,975 INFO o.s.b.SpringApplication [main] No active profile set, falling back to default profiles: default
2021-10-14 12:38:26,064 INFO o.s.d.r.c.RepositoryConfigurationDelegate [main] Bootstrapping Spring Data JPA repositories in DEFAULT mode.
2021-10-14 12:38:26,519 INFO o.s.d.r.c.RepositoryConfigurationDelegate [main] Finished Spring Data repository scanning in 426 ms. Found 5 JPA repository interfaces.
2021-10-14 12:38:31,827 INFO o.s.b.w.e.t.TomcatWebServer [main] Tomcat initialized with port(s): 8080 (http)
2021-10-14 12:38:31,992 INFO o.a.j.l.DirectJDKLog [main] Initializing ProtocolHandler ["http-nio-8080"]
2021-10-14 12:38:31,993 INFO o.a.j.l.DirectJDKLog [main] Starting service [Tomcat]
2021-10-14 12:38:31,994 INFO o.a.j.l.DirectJDKLog [main] Starting Servlet engine: [Apache Tomcat/9.0.53]
2021-10-14 12:38:34,406 INFO o.a.j.l.DirectJDKLog [main] Initializing Spring embedded WebApplicationContext
2021-10-14 12:38:34,407 INFO o.s.b.w.s.c.ServletWebServerApplicationContext [main] Root WebApplicationContext: initialization completed in 12026 ms
2021-10-14 12:38:36,463 INFO o.h.j.i.u.LogHelper [main] HHH000204: Processing PersistenceUnitInfo [name: default]
2021-10-14 12:38:37,791 INFO o.h.Version [main] HHH000412: Hibernate ORM core version 5.4.32.Final
2021-10-14 12:38:39,423 INFO o.h.a.c.r.j.JavaReflectionManager [main] HCANN000001: Hibernate Commons Annotations {5.1.2.Final}
2021-10-14 12:38:39,549 INFO c.z.h.HikariDataSource [main] HikariPool-1 - Starting...
2021-10-14 12:38:40,045 INFO c.z.h.HikariDataSource [main] HikariPool-1 - Start completed.
2021-10-14 12:38:40,117 INFO o.h.d.Dialect [main] HHH000400: Using dialect: org.hibernate.dialect.MySQL8Dialect
2021-10-14 12:38:42,485 INFO o.h.e.t.j.p.i.JtaPlatformInitiator [main] HHH000490: Using JtaPlatform implementation: [org.hibernate.engine.transaction.jta.platform.internal.NoJtaPlatform]
2021-10-14 12:38:42,540 INFO o.s.o.j.AbstractEntityManagerFactoryBean [main] Initialized JPA EntityManagerFactory for persistence unit 'default'
2021-10-14 12:38:45,030 WARN o.s.b.a.o.j.JpaBaseConfiguration$JpaWebConfiguration [main] spring.jpa.open-in-view is enabled by default. Therefore, database queries may be performed during view rendering. Explicitly configure spring.jpa.open-in-view to disable this warning
2021-10-14 12:38:45,870 INFO o.a.j.l.DirectJDKLog [main] Starting ProtocolHandler ["http-nio-8080"]
2021-10-14 12:38:46,186 INFO o.s.b.w.e.t.TomcatWebServer [main] Tomcat started on port(s): 8080 (http) with context path ''
2021-10-14 12:38:46,188 INFO s.d.s.w.p.DocumentationPluginsBootstrapper [main] Context refreshed
2021-10-14 12:38:46,517 INFO s.d.s.w.p.DocumentationPluginsBootstrapper [main] Found 1 custom documentation plugin(s)
2021-10-14 12:38:46,562 INFO s.d.s.w.s.ApiListingReferenceScanner [main] Scanning for api listing references
2021-10-14 12:38:47,413 INFO s.d.s.w.r.o.CachingOperationNameGenerator [main] Generating unique operation named: getAllCategoriesUsingGET_1
2021-10-14 12:38:47,433 INFO s.d.s.w.r.o.CachingOperationNameGenerator [main] Generating unique operation named: getAllCategoriesUsingGET_2
2021-10-14 12:38:47,461 INFO s.d.s.w.r.o.CachingOperationNameGenerator [main] Generating unique operation named: createUserUsingPOST_1
2021-10-14 12:38:47,465 INFO s.d.s.w.r.o.CachingOperationNameGenerator [main] Generating unique operation named: deleteUsingDELETE_1
2021-10-14 12:38:47,650 INFO o.s.b.StartupInfoLogger [main] Started ChatBot in 26.999 seconds (JVM running for 33.183)
2021-10-14 12:39:00,531 INFO o.a.j.l.DirectJDKLog [http-nio-8080-exec-1] Initializing Spring DispatcherServlet 'dispatcherServlet'
2021-10-14 12:39:00,531 INFO o.s.w.s.FrameworkServlet [http-nio-8080-exec-1] Initializing Servlet 'dispatcherServlet'
2021-10-14 12:39:00,536 INFO o.s.w.s.FrameworkServlet [http-nio-8080-exec-1] Completed initialization in 5 ms
2021-10-14 12:39:00,774 DEBUG o.h.e.j.s.SqlStatementLogger [http-nio-8080-exec-1] select role0_.id as id1_3_, role0_.created_date as created_2_3_, role0_.description as descript3_3_, role0_.name as name4_3_, role0_.status as status5_3_, role0_.updated_date as updated_6_3_ from role role0_ where role0_.status=?
2021-10-14 12:39:00,867 DEBUG o.h.e.j.s.SqlStatementLogger [http-nio-8080-exec-1] select permission0_.id as id1_2_, permission0_.created_date as created_2_2_, permission0_.name as name3_2_, permission0_.status as status4_2_, permission0_.updated_date as updated_5_2_ from permission permission0_ where permission0_.status=?
2021-10-14 12:39:00,886 DEBUG o.h.e.j.s.SqlStatementLogger [http-nio-8080-exec-1] select user0_.user_id as user_id1_5_, user0_.contact_num as contact_2_5_, user0_.created_date as created_3_5_, user0_.email as email4_5_, user0_.name as name5_5_, user0_.password as password6_5_, user0_.status as status7_5_, user0_.updated_date as updated_8_5_, user0_.username as username9_5_ from user user0_ left outer join user_roles rolelist1_ on user0_.user_id=rolelist1_.user_id left outer join role role2_ on rolelist1_.role_id=role2_.id left outer join role_permission_list permission3_ on role2_.id=permission3_.role_id left outer join permission permission4_ on permission3_.permission_list_id=permission4_.id where user0_.status=1 and role2_.status=1 and permission4_.status=1
2021-10-14 12:39:00,986 DEBUG o.h.e.j.s.SqlStatementLogger [http-nio-8080-exec-1] select chatlist0_.user_id as user_id7_1_0_, chatlist0_.chat_id as chat_id1_1_0_, chatlist0_.chat_id as chat_id1_1_1_, chatlist0_.answer as answer2_1_1_, chatlist0_.created_date as created_3_1_1_, chatlist0_.question as question4_1_1_, chatlist0_.status as status5_1_1_, chatlist0_.updated_date as updated_6_1_1_ from chat chatlist0_ where chatlist0_.user_id=?
2021-10-14 12:39:01,046 DEBUG o.h.e.j.s.SqlStatementLogger [http-nio-8080-exec-1] select categoryli0_.user_id as user_id1_6_0_, categoryli0_.category_id as category2_6_0_, category1_.id as id1_0_1_, category1_.created_date as created_2_0_1_, category1_.name as name3_0_1_, category1_.status as status4_0_1_, category1_.updated_date as updated_5_0_1_ from user_categories categoryli0_ inner join categories category1_ on categoryli0_.category_id=category1_.id where categoryli0_.user_id=?
2021-10-14 12:39:01,048 DEBUG o.h.e.j.s.SqlStatementLogger [http-nio-8080-exec-1] select rolelist0_.user_id as user_id1_7_0_, rolelist0_.role_id as role_id2_7_0_, role1_.id as id1_3_1_, role1_.created_date as created_2_3_1_, role1_.description as descript3_3_1_, role1_.name as name4_3_1_, role1_.status as status5_3_1_, role1_.updated_date as updated_6_3_1_ from user_roles rolelist0_ inner join role role1_ on rolelist0_.role_id=role1_.id where rolelist0_.user_id=?
2021-10-14 12:39:01,053 DEBUG o.h.e.j.s.SqlStatementLogger [http-nio-8080-exec-1] select permission0_.role_id as role_id1_4_0_, permission0_.permission_list_id as permissi2_4_0_, permission1_.id as id1_2_1_, permission1_.created_date as created_2_2_1_, permission1_.name as name3_2_1_, permission1_.status as status4_2_1_, permission1_.updated_date as updated_5_2_1_ from role_permission_list permission0_ inner join permission permission1_ on permission0_.permission_list_id=permission1_.id where permission0_.role_id=?
2021-10-14 12:39:01,057 DEBUG o.h.e.j.s.SqlStatementLogger [http-nio-8080-exec-1] select chatlist0_.user_id as user_id7_1_0_, chatlist0_.chat_id as chat_id1_1_0_, chatlist0_.chat_id as chat_id1_1_1_, chatlist0_.answer as answer2_1_1_, chatlist0_.created_date as created_3_1_1_, chatlist0_.question as question4_1_1_, chatlist0_.status as status5_1_1_, chatlist0_.updated_date as updated_6_1_1_ from chat chatlist0_ where chatlist0_.user_id=?
2021-10-14 12:39:01,061 DEBUG o.h.e.j.s.SqlStatementLogger [http-nio-8080-exec-1] select categoryli0_.user_id as user_id1_6_0_, categoryli0_.category_id as category2_6_0_, category1_.id as id1_0_1_, category1_.created_date as created_2_0_1_, category1_.name as name3_0_1_, category1_.status as status4_0_1_, category1_.updated_date as updated_5_0_1_ from user_categories categoryli0_ inner join categories category1_ on categoryli0_.category_id=category1_.id where categoryli0_.user_id=?
2021-10-14 12:39:01,063 DEBUG o.h.e.j.s.SqlStatementLogger [http-nio-8080-exec-1] select rolelist0_.user_id as user_id1_7_0_, rolelist0_.role_id as role_id2_7_0_, role1_.id as id1_3_1_, role1_.created_date as created_2_3_1_, role1_.description as descript3_3_1_, role1_.name as name4_3_1_, role1_.status as status5_3_1_, role1_.updated_date as updated_6_3_1_ from user_roles rolelist0_ inner join role role1_ on rolelist0_.role_id=role1_.id where rolelist0_.user_id=?
2021-10-14 12:39:01,065 DEBUG o.h.e.j.s.SqlStatementLogger [http-nio-8080-exec-1] select permission0_.role_id as role_id1_4_0_, permission0_.permission_list_id as permissi2_4_0_, permission1_.id as id1_2_1_, permission1_.created_date as created_2_2_1_, permission1_.name as name3_2_1_, permission1_.status as status4_2_1_, permission1_.updated_date as updated_5_2_1_ from role_permission_list permission0_ inner join permission permission1_ on permission0_.permission_list_id=permission1_.id where permission0_.role_id=?
2021-10-14 12:39:01,068 DEBUG o.h.e.j.s.SqlStatementLogger [http-nio-8080-exec-1] select chatlist0_.user_id as user_id7_1_0_, chatlist0_.chat_id as chat_id1_1_0_, chatlist0_.chat_id as chat_id1_1_1_, chatlist0_.answer as answer2_1_1_, chatlist0_.created_date as created_3_1_1_, chatlist0_.question as question4_1_1_, chatlist0_.status as status5_1_1_, chatlist0_.updated_date as updated_6_1_1_ from chat chatlist0_ where chatlist0_.user_id=?
2021-10-14 12:39:01,070 DEBUG o.h.e.j.s.SqlStatementLogger [http-nio-8080-exec-1] select categoryli0_.user_id as user_id1_6_0_, categoryli0_.category_id as category2_6_0_, category1_.id as id1_0_1_, category1_.created_date as created_2_0_1_, category1_.name as name3_0_1_, category1_.status as status4_0_1_, category1_.updated_date as updated_5_0_1_ from user_categories categoryli0_ inner join categories category1_ on categoryli0_.category_id=category1_.id where categoryli0_.user_id=?
2021-10-14 12:39:01,072 DEBUG o.h.e.j.s.SqlStatementLogger [http-nio-8080-exec-1] select rolelist0_.user_id as user_id1_7_0_, rolelist0_.role_id as role_id2_7_0_, role1_.id as id1_3_1_, role1_.created_date as created_2_3_1_, role1_.description as descript3_3_1_, role1_.name as name4_3_1_, role1_.status as status5_3_1_, role1_.updated_date as updated_6_3_1_ from user_roles rolelist0_ inner join role role1_ on rolelist0_.role_id=role1_.id where rolelist0_.user_id=?
2021-10-14 12:39:01,076 DEBUG o.h.e.j.s.SqlStatementLogger [http-nio-8080-exec-1] select chatlist0_.user_id as user_id7_1_0_, chatlist0_.chat_id as chat_id1_1_0_, chatlist0_.chat_id as chat_id1_1_1_, chatlist0_.answer as answer2_1_1_, chatlist0_.created_date as created_3_1_1_, chatlist0_.question as question4_1_1_, chatlist0_.status as status5_1_1_, chatlist0_.updated_date as updated_6_1_1_ from chat chatlist0_ where chatlist0_.user_id=?
2021-10-14 12:39:01,080 DEBUG o.h.e.j.s.SqlStatementLogger [http-nio-8080-exec-1] select categoryli0_.user_id as user_id1_6_0_, categoryli0_.category_id as category2_6_0_, category1_.id as id1_0_1_, category1_.created_date as created_2_0_1_, category1_.name as name3_0_1_, category1_.status as status4_0_1_, category1_.updated_date as updated_5_0_1_ from user_categories categoryli0_ inner join categories category1_ on categoryli0_.category_id=category1_.id where categoryli0_.user_id=?
2021-10-14 12:39:01,081 DEBUG o.h.e.j.s.SqlStatementLogger [http-nio-8080-exec-1] select rolelist0_.user_id as user_id1_7_0_, rolelist0_.role_id as role_id2_7_0_, role1_.id as id1_3_1_, role1_.created_date as created_2_3_1_, role1_.description as descript3_3_1_, role1_.name as name4_3_1_, role1_.status as status5_3_1_, role1_.updated_date as updated_6_3_1_ from user_roles rolelist0_ inner join role role1_ on rolelist0_.role_id=role1_.id where rolelist0_.user_id=?
2021-10-14 12:39:01,084 DEBUG o.h.e.j.s.SqlStatementLogger [http-nio-8080-exec-1] select chatlist0_.user_id as user_id7_1_0_, chatlist0_.chat_id as chat_id1_1_0_, chatlist0_.chat_id as chat_id1_1_1_, chatlist0_.answer as answer2_1_1_, chatlist0_.created_date as created_3_1_1_, chatlist0_.question as question4_1_1_, chatlist0_.status as status5_1_1_, chatlist0_.updated_date as updated_6_1_1_ from chat chatlist0_ where chatlist0_.user_id=?
2021-10-14 12:39:01,086 DEBUG o.h.e.j.s.SqlStatementLogger [http-nio-8080-exec-1] select categoryli0_.user_id as user_id1_6_0_, categoryli0_.category_id as category2_6_0_, category1_.id as id1_0_1_, category1_.created_date as created_2_0_1_, category1_.name as name3_0_1_, category1_.status as status4_0_1_, category1_.updated_date as updated_5_0_1_ from user_categories categoryli0_ inner join categories category1_ on categoryli0_.category_id=category1_.id where categoryli0_.user_id=?
2021-10-14 12:39:01,088 DEBUG o.h.e.j.s.SqlStatementLogger [http-nio-8080-exec-1] select rolelist0_.user_id as user_id1_7_0_, rolelist0_.role_id as role_id2_7_0_, role1_.id as id1_3_1_, role1_.created_date as created_2_3_1_, role1_.description as descript3_3_1_, role1_.name as name4_3_1_, role1_.status as status5_3_1_, role1_.updated_date as updated_6_3_1_ from user_roles rolelist0_ inner join role role1_ on rolelist0_.role_id=role1_.id where rolelist0_.user_id=?
2021-10-14 12:39:01,090 DEBUG o.h.e.j.s.SqlStatementLogger [http-nio-8080-exec-1] select permission0_.role_id as role_id1_4_0_, permission0_.permission_list_id as permissi2_4_0_, permission1_.id as id1_2_1_, permission1_.created_date as created_2_2_1_, permission1_.name as name3_2_1_, permission1_.status as status4_2_1_, permission1_.updated_date as updated_5_2_1_ from role_permission_list permission0_ inner join permission permission1_ on permission0_.permission_list_id=permission1_.id where permission0_.role_id=?
2021-10-14 13:03:54,207 INFO o.s.o.j.AbstractEntityManagerFactoryBean [SpringApplicationShutdownHook] Closing JPA EntityManagerFactory for persistence unit 'default'
2021-10-14 13:03:54,327 INFO c.z.h.HikariDataSource [SpringApplicationShutdownHook] HikariPool-1 - Shutdown initiated...
2021-10-14 13:03:54,343 INFO c.z.h.HikariDataSource [SpringApplicationShutdownHook] HikariPool-1 - Shutdown completed.
